#
# There is insufficient memory for the Java Runtime Environment to continue.
# Native memory allocation (mmap) failed to map 30408704 bytes for G1 virtual space
# Possible reasons:
#   The system is out of physical RAM or swap space
#   The process is running with CompressedOops enabled, and the Java Heap may be blocking the growth of the native heap
# Possible solutions:
#   Reduce memory load on the system
#   Increase physical memory or swap space
#   Check if swap backing store is full
#   Decrease Java heap size (-Xmx/-Xms)
#   Decrease number of Java threads
#   Decrease Java thread stack sizes (-Xss)
#   Set larger code cache with -XX:ReservedCodeCacheSize=
#   JVM is running with Unscaled Compressed Oops mode in which the Java heap is
#     placed in the first 4GB address space. The Java Heap base address is the
#     maximum limit for the native heap growth. Please use -XX:HeapBaseMinAddress
#     to set the Java Heap base and to place the Java Heap above 4GB virtual address.
# This output file may be truncated or incomplete.
#
#  Out of Memory Error (os_windows.cpp:3548), pid=29736, tid=29852
#
# JRE version: Java(TM) SE Runtime Environment (17.0.12+8) (build 17.0.12+8-LTS-286)
# Java VM: Java HotSpot(TM) 64-Bit Server VM (17.0.12+8-LTS-286, mixed mode, sharing, tiered, compressed oops, compressed class ptrs, g1 gc, windows-amd64)
# No core dump will be written. Minidumps are not enabled by default on client versions of Windows
#

---------------  S U M M A R Y ------------

Command Line: --enable-native-access=ALL-UNNAMED -Dclassworlds.conf=C:\Users\PC\.m2\wrapper\dists\apache-maven-3.9.12\59fe215c0ad6947fea90184bf7add084544567b927287592651fda3782e0e798\bin\m2.conf -Dmaven.home=C:\Users\PC\.m2\wrapper\dists\apache-maven-3.9.12\59fe215c0ad6947fea90184bf7add084544567b927287592651fda3782e0e798 -Dlibrary.jansi.path=C:\Users\PC\.m2\wrapper\dists\apache-maven-3.9.12\59fe215c0ad6947fea90184bf7add084544567b927287592651fda3782e0e798\lib\jansi-native -Dmaven.multiModuleProjectDirectory=C:\SmartLinguaa\backend\backend\backEnd\microservices\privetcours org.codehaus.plexus.classworlds.launcher.Launcher spring-boot:run

Host: 11th Gen Intel(R) Core(TM) i5-1135G7 @ 2.40GHz, 8 cores, 7G,  Windows 11 , 64 bit Build 26100 (10.0.26100.7920)
Time: Thu Apr 16 13:57:19 2026 Afr. centrale Ouest elapsed time: 48.600066 seconds (0d 0h 0m 48s)

---------------  T H R E A D  ---------------

Current thread (0x0000015fe8913930):  VMThread "VM Thread" [stack: 0x0000004d31900000,0x0000004d31a00000] [id=29852]

Stack: [0x0000004d31900000,0x0000004d31a00000]
Native frames: (J=compiled Java code, j=interpreted, Vv=VM code, C=native code)
V  [jvm.dll+0x67a04a]
V  [jvm.dll+0x7da4ed]
V  [jvm.dll+0x7dbe33]
V  [jvm.dll+0x7dc4a3]
V  [jvm.dll+0x24508f]
V  [jvm.dll+0x677089]
V  [jvm.dll+0x66bd32]
V  [jvm.dll+0x301fa6]
V  [jvm.dll+0x309546]
V  [jvm.dll+0x359d2e]
V  [jvm.dll+0x359f5f]
V  [jvm.dll+0x2d9078]
V  [jvm.dll+0x2d74ad]
V  [jvm.dll+0x2d6afc]
V  [jvm.dll+0x31a65b]
V  [jvm.dll+0x7e0d9b]
V  [jvm.dll+0x7e1ad4]
V  [jvm.dll+0x7e1fed]
V  [jvm.dll+0x7e23c4]
V  [jvm.dll+0x7e2490]
V  [jvm.dll+0x78abea]
V  [jvm.dll+0x678f35]
C  [ucrtbase.dll+0x37b0]
C  [KERNEL32.DLL+0x2e8d7]
C  [ntdll.dll+0x8c48c]

VM_Operation (0x0000004d312fbc40): G1CollectForAllocation, mode: safepoint, requested by thread 0x0000015fca8eeb60


---------------  P R O C E S S  ---------------

Threads class SMR info:
_java_thread_list=0x0000015fe8c028f0, length=13, elements={
0x0000015fca8eeb60, 0x0000015fe891b700, 0x0000015fe891ce30, 0x0000015fe8931220,
0x0000015fe8931be0, 0x0000015fe89325a0, 0x0000015fe8933ad0, 0x0000015fe8934870,
0x0000015fe8936a00, 0x0000015fe8939f80, 0x0000015fe899d9f0, 0x0000015fe8aec0c0,
0x0000015fed741d60
}

Java Threads: ( => current thread )
  0x0000015fca8eeb60 JavaThread "main" [_thread_blocked, id=29776, stack(0x0000004d31200000,0x0000004d31300000)]
  0x0000015fe891b700 JavaThread "Reference Handler" daemon [_thread_blocked, id=29876, stack(0x0000004d31a00000,0x0000004d31b00000)]
  0x0000015fe891ce30 JavaThread "Finalizer" daemon [_thread_blocked, id=29880, stack(0x0000004d31b00000,0x0000004d31c00000)]
  0x0000015fe8931220 JavaThread "Signal Dispatcher" daemon [_thread_blocked, id=29912, stack(0x0000004d31c00000,0x0000004d31d00000)]
  0x0000015fe8931be0 JavaThread "Attach Listener" daemon [_thread_blocked, id=29916, stack(0x0000004d31d00000,0x0000004d31e00000)]
  0x0000015fe89325a0 JavaThread "Service Thread" daemon [_thread_blocked, id=29920, stack(0x0000004d31e00000,0x0000004d31f00000)]
  0x0000015fe8933ad0 JavaThread "Monitor Deflation Thread" daemon [_thread_blocked, id=29928, stack(0x0000004d31f00000,0x0000004d32000000)]
  0x0000015fe8934870 JavaThread "C2 CompilerThread0" daemon [_thread_blocked, id=29932, stack(0x0000004d32000000,0x0000004d32100000)]
  0x0000015fe8936a00 JavaThread "C1 CompilerThread0" daemon [_thread_blocked, id=29936, stack(0x0000004d32100000,0x0000004d32200000)]
  0x0000015fe8939f80 JavaThread "Sweeper thread" daemon [_thread_blocked, id=29940, stack(0x0000004d32200000,0x0000004d32300000)]
  0x0000015fe899d9f0 JavaThread "Notification Thread" daemon [_thread_blocked, id=29944, stack(0x0000004d32300000,0x0000004d32400000)]
  0x0000015fe8aec0c0 JavaThread "Common-Cleaner" daemon [_thread_blocked, id=29956, stack(0x0000004d32500000,0x0000004d32600000)]
  0x0000015fed741d60 JavaThread "Thread-1" daemon [_thread_blocked, id=30352, stack(0x0000004d32d00000,0x0000004d32e00000)]

Other Threads:
=>0x0000015fe8913930 VMThread "VM Thread" [stack: 0x0000004d31900000,0x0000004d31a00000] [id=29852]
  0x0000015fe899ded0 WatcherThread [stack: 0x0000004d32400000,0x0000004d32500000] [id=29948]
  0x0000015fca94ddf0 GCTaskThread "GC Thread#0" [stack: 0x0000004d31400000,0x0000004d31500000] [id=29808]
  0x0000015fe8dd7740 GCTaskThread "GC Thread#1" [stack: 0x0000004d32700000,0x0000004d32800000] [id=30040]
  0x0000015fed7f8c30 GCTaskThread "GC Thread#2" [stack: 0x0000004d32800000,0x0000004d32900000] [id=30044]
  0x0000015fed80d790 GCTaskThread "GC Thread#3" [stack: 0x0000004d32900000,0x0000004d32a00000] [id=30088]
  0x0000015fed80da50 GCTaskThread "GC Thread#4" [stack: 0x0000004d32a00000,0x0000004d32b00000] [id=30092]
  0x0000015fed80dd10 GCTaskThread "GC Thread#5" [stack: 0x0000004d32b00000,0x0000004d32c00000] [id=30096]
  0x0000015fed80dfd0 GCTaskThread "GC Thread#6" [stack: 0x0000004d32c00000,0x0000004d32d00000] [id=30100]
  0x0000015fed8fd260 GCTaskThread "GC Thread#7" [stack: 0x0000004d32600000,0x0000004d32700000] [id=30172]
  0x0000015fca95f690 ConcurrentGCThread "G1 Main Marker" [stack: 0x0000004d31500000,0x0000004d31600000] [id=29812]
  0x0000015fca9600a0 ConcurrentGCThread "G1 Conc#0" [stack: 0x0000004d31600000,0x0000004d31700000] [id=29816]
  0x0000015fedaaa450 ConcurrentGCThread "G1 Conc#1" [stack: 0x0000004d32e00000,0x0000004d32f00000] [id=12020]
  0x0000015fe87d20c0 ConcurrentGCThread "G1 Refine#0" [stack: 0x0000004d31700000,0x0000004d31800000] [id=29820]
  0x0000015fe87d2af0 ConcurrentGCThread "G1 Service" [stack: 0x0000004d31800000,0x0000004d31900000] [id=29824]

Threads with active compile tasks:
C2 CompilerThread0    48944 5701       4       jdk.internal.jimage.BasicImageReader::getString (35 bytes)
C1 CompilerThread0    48944 5724       3       com.sun.tools.javac.file.Locations::getLocation (19 bytes)

VM state: at safepoint (normal execution)

VM Mutex/Monitor currently owned by a thread:  ([mutex/lock_event])
[0x0000015fca8e0580] Threads_lock - owner thread: 0x0000015fe8913930
[0x0000015fca8ed680] Heap_lock - owner thread: 0x0000015fca8eeb60

Heap address: 0x0000000083600000, size: 1994 MB, Compressed Oops mode: 32-bit

CDS archive(s) mapped at: [0x0000015f80000000-0x0000015f80bd0000-0x0000015f80bd0000), size 12386304, SharedBaseAddress: 0x0000015f80000000, ArchiveRelocationMode: 1.
Compressed class space mapped at: 0x0000015f81000000-0x0000015fc1000000, reserved size: 1073741824
Narrow klass base: 0x0000015f80000000, Narrow klass shift: 0, Narrow klass range: 0x100000000

GC Precious Log:
 CPUs: 8 total, 8 available
 Memory: 7975M
 Large Page Support: Disabled
 NUMA Support: Disabled
 Compressed Oops: Enabled (32-bit)
 Heap Region Size: 1M
 Heap Min Capacity: 8M
 Heap Initial Capacity: 126M
 Heap Max Capacity: 1994M
 Pre-touch: Disabled
 Parallel Workers: 8
 Concurrent Workers: 2
 Concurrent Refinement Workers: 8
 Periodic GC: Disabled

Heap:
 garbage-first heap   total 107520K, used 45031K [0x0000000083600000, 0x0000000100000000)
  region size 1024K, 8 young (8192K), 8 survivors (8192K)
 Metaspace       used 25614K, committed 25920K, reserved 1114112K
  class space    used 2963K, committed 3136K, reserved 1048576K

Heap Regions: E=young(eden), S=young(survivor), O=old, HS=humongous(starts), HC=humongous(continues), CS=collection set, F=free, OA=open archive, CA=closed archive, TAMS=top-at-mark-start (previous, next)
|   0|0x0000000083600000, 0x0000000083700000, 0x0000000083700000|100%| O|  |TAMS 0x0000000083700000, 0x0000000083700000| Untracked 
|   1|0x0000000083700000, 0x0000000083800000, 0x0000000083800000|100%| O|  |TAMS 0x0000000083800000, 0x0000000083800000| Untracked 
|   2|0x0000000083800000, 0x0000000083900000, 0x0000000083900000|100%| O|  |TAMS 0x0000000083900000, 0x0000000083900000| Untracked 
|   3|0x0000000083900000, 0x0000000083a00000, 0x0000000083a00000|100%| O|  |TAMS 0x0000000083a00000, 0x0000000083a00000| Untracked 
|   4|0x0000000083a00000, 0x0000000083b00000, 0x0000000083b00000|100%| O|  |TAMS 0x0000000083b00000, 0x0000000083b00000| Untracked 
|   5|0x0000000083b00000, 0x0000000083c00000, 0x0000000083c00000|100%| O|  |TAMS 0x0000000083c00000, 0x0000000083c00000| Untracked 
|   6|0x0000000083c00000, 0x0000000083d00000, 0x0000000083d00000|100%| O|  |TAMS 0x0000000083d00000, 0x0000000083d00000| Untracked 
|   7|0x0000000083d00000, 0x0000000083e00000, 0x0000000083e00000|100%| O|  |TAMS 0x0000000083e00000, 0x0000000083e00000| Untracked 
|   8|0x0000000083e00000, 0x0000000083f00000, 0x0000000083f00000|100%| O|  |TAMS 0x0000000083f00000, 0x0000000083f00000| Untracked 
|   9|0x0000000083f00000, 0x0000000084000000, 0x0000000084000000|100%| O|  |TAMS 0x0000000084000000, 0x0000000084000000| Untracked 
|  10|0x0000000084000000, 0x0000000084100000, 0x0000000084100000|100%| O|  |TAMS 0x0000000084100000, 0x0000000084100000| Untracked 
|  11|0x0000000084100000, 0x0000000084200000, 0x0000000084200000|100%| O|  |TAMS 0x0000000084200000, 0x0000000084200000| Untracked 
|  12|0x0000000084200000, 0x0000000084300000, 0x0000000084300000|100%| O|  |TAMS 0x0000000084300000, 0x0000000084300000| Untracked 
|  13|0x0000000084300000, 0x0000000084400000, 0x0000000084400000|100%| O|  |TAMS 0x0000000084400000, 0x0000000084400000| Untracked 
|  14|0x0000000084400000, 0x000000008440c000, 0x0000000084500000|  4%| O|  |TAMS 0x000000008440c000, 0x000000008440c000| Untracked 
|  15|0x0000000084500000, 0x0000000084600000, 0x0000000084600000|100%|HS|  |TAMS 0x0000000084500000, 0x0000000084600000| Complete 
|  16|0x0000000084600000, 0x0000000084700000, 0x0000000084700000|100%|HS|  |TAMS 0x0000000084600000, 0x0000000084700000| Complete 
|  17|0x0000000084700000, 0x0000000084700000, 0x0000000084800000|  0%| F|  |TAMS 0x0000000084700000, 0x0000000084700000| Untracked 
|  18|0x0000000084800000, 0x0000000084900000, 0x0000000084900000|100%|HS|  |TAMS 0x0000000084800000, 0x0000000084900000| Complete 
|  19|0x0000000084900000, 0x0000000084a00000, 0x0000000084a00000|100%|HS|  |TAMS 0x0000000084900000, 0x0000000084a00000| Complete 
|  20|0x0000000084a00000, 0x0000000084b00000, 0x0000000084b00000|100%| O|  |TAMS 0x0000000084a00000, 0x0000000084a00000| Untracked 
|  21|0x0000000084b00000, 0x0000000084c00000, 0x0000000084c00000|100%| O|  |TAMS 0x0000000084b00000, 0x0000000084b00000| Untracked 
|  22|0x0000000084c00000, 0x0000000084d00000, 0x0000000084d00000|100%| O|  |TAMS 0x0000000084c00000, 0x0000000084c00000| Untracked 
|  23|0x0000000084d00000, 0x0000000084e00000, 0x0000000084e00000|100%| O|  |TAMS 0x0000000084d00000, 0x0000000084d00000| Untracked 
|  24|0x0000000084e00000, 0x0000000084f00000, 0x0000000084f00000|100%| O|  |TAMS 0x0000000084e00000, 0x0000000084e00000| Untracked 
|  25|0x0000000084f00000, 0x0000000085000000, 0x0000000085000000|100%| O|  |TAMS 0x0000000084f00000, 0x0000000084f00000| Untracked 
|  26|0x0000000085000000, 0x0000000085100000, 0x0000000085100000|100%| O|  |TAMS 0x0000000085000000, 0x0000000085000000| Untracked 
|  27|0x0000000085100000, 0x0000000085200000, 0x0000000085200000|100%| O|  |TAMS 0x0000000085100000, 0x0000000085100000| Untracked 
|  28|0x0000000085200000, 0x0000000085300000, 0x0000000085300000|100%| S|CS|TAMS 0x0000000085200000, 0x0000000085200000| Complete 
|  29|0x0000000085300000, 0x0000000085400000, 0x0000000085400000|100%| S|CS|TAMS 0x0000000085300000, 0x0000000085300000| Complete 
|  30|0x0000000085400000, 0x0000000085500000, 0x0000000085500000|100%| S|CS|TAMS 0x0000000085400000, 0x0000000085400000| Complete 
|  31|0x0000000085500000, 0x0000000085600000, 0x0000000085600000|100%| S|CS|TAMS 0x0000000085500000, 0x0000000085500000| Complete 
|  32|0x0000000085600000, 0x0000000085700000, 0x0000000085700000|100%| S|CS|TAMS 0x0000000085600000, 0x0000000085600000| Complete 
|  33|0x0000000085700000, 0x0000000085800000, 0x0000000085800000|100%| S|CS|TAMS 0x0000000085700000, 0x0000000085700000| Complete 
|  34|0x0000000085800000, 0x0000000085900000, 0x0000000085900000|100%| S|CS|TAMS 0x0000000085800000, 0x0000000085800000| Complete 
|  35|0x0000000085900000, 0x0000000085a00000, 0x0000000085a00000|100%| S|CS|TAMS 0x0000000085900000, 0x0000000085900000| Complete 
|  36|0x0000000085a00000, 0x0000000085a00000, 0x0000000085b00000|  0%| F|  |TAMS 0x0000000085a00000, 0x0000000085a00000| Untracked 
|  37|0x0000000085b00000, 0x0000000085b00000, 0x0000000085c00000|  0%| F|  |TAMS 0x0000000085b00000, 0x0000000085b00000| Untracked 
|  38|0x0000000085c00000, 0x0000000085c00000, 0x0000000085d00000|  0%| F|  |TAMS 0x0000000085c00000, 0x0000000085c00000| Untracked 
|  39|0x0000000085d00000, 0x0000000085d00000, 0x0000000085e00000|  0%| F|  |TAMS 0x0000000085d00000, 0x0000000085d00000| Untracked 
|  40|0x0000000085e00000, 0x0000000085e00000, 0x0000000085f00000|  0%| F|  |TAMS 0x0000000085e00000, 0x0000000085e00000| Untracked 
|  41|0x0000000085f00000, 0x0000000085f00000, 0x0000000086000000|  0%| F|  |TAMS 0x0000000085f00000, 0x0000000085f00000| Untracked 
|  42|0x0000000086000000, 0x0000000086100000, 0x0000000086100000|100%|HS|  |TAMS 0x0000000086100000, 0x0000000086100000| Complete 
|  43|0x0000000086100000, 0x0000000086200000, 0x0000000086200000|100%|HC|  |TAMS 0x0000000086200000, 0x0000000086200000| Complete 
|  44|0x0000000086200000, 0x0000000086200000, 0x0000000086300000|  0%| F|  |TAMS 0x0000000086200000, 0x0000000086200000| Untracked 
|  45|0x0000000086300000, 0x0000000086300000, 0x0000000086400000|  0%| F|  |TAMS 0x0000000086300000, 0x0000000086300000| Untracked 
|  46|0x0000000086400000, 0x0000000086400000, 0x0000000086500000|  0%| F|  |TAMS 0x0000000086400000, 0x0000000086400000| Untracked 
|  47|0x0000000086500000, 0x0000000086500000, 0x0000000086600000|  0%| F|  |TAMS 0x0000000086500000, 0x0000000086500000| Untracked 
|  48|0x0000000086600000, 0x0000000086600000, 0x0000000086700000|  0%| F|  |TAMS 0x0000000086600000, 0x0000000086600000| Untracked 
|  49|0x0000000086700000, 0x0000000086700000, 0x0000000086800000|  0%| F|  |TAMS 0x0000000086700000, 0x0000000086700000| Untracked 
|  50|0x0000000086800000, 0x0000000086800000, 0x0000000086900000|  0%| F|  |TAMS 0x0000000086800000, 0x0000000086800000| Untracked 
|  51|0x0000000086900000, 0x0000000086900000, 0x0000000086a00000|  0%| F|  |TAMS 0x0000000086900000, 0x0000000086900000| Untracked 
|  52|0x0000000086a00000, 0x0000000086a00000, 0x0000000086b00000|  0%| F|  |TAMS 0x0000000086a00000, 0x0000000086a00000| Untracked 
|  53|0x0000000086b00000, 0x0000000086b00000, 0x0000000086c00000|  0%| F|  |TAMS 0x0000000086b00000, 0x0000000086b00000| Untracked 
|  54|0x0000000086c00000, 0x0000000086c00000, 0x0000000086d00000|  0%| F|  |TAMS 0x0000000086c00000, 0x0000000086c00000| Untracked 
|  55|0x0000000086d00000, 0x0000000086d00000, 0x0000000086e00000|  0%| F|  |TAMS 0x0000000086d00000, 0x0000000086d00000| Untracked 
|  56|0x0000000086e00000, 0x0000000086e00000, 0x0000000086f00000|  0%| F|  |TAMS 0x0000000086e00000, 0x0000000086e00000| Untracked 
|  57|0x0000000086f00000, 0x0000000086f00000, 0x0000000087000000|  0%| F|  |TAMS 0x0000000086f00000, 0x0000000086f00000| Untracked 
|  58|0x0000000087000000, 0x0000000087000000, 0x0000000087100000|  0%| F|  |TAMS 0x0000000087000000, 0x0000000087000000| Untracked 
|  59|0x0000000087100000, 0x0000000087100000, 0x0000000087200000|  0%| F|  |TAMS 0x0000000087100000, 0x0000000087100000| Untracked 
|  60|0x0000000087200000, 0x0000000087200000, 0x0000000087300000|  0%| F|  |TAMS 0x0000000087200000, 0x0000000087200000| Untracked 
|  61|0x0000000087300000, 0x0000000087300000, 0x0000000087400000|  0%| F|  |TAMS 0x0000000087300000, 0x0000000087300000| Untracked 
|  62|0x0000000087400000, 0x0000000087400000, 0x0000000087500000|  0%| F|  |TAMS 0x0000000087400000, 0x0000000087400000| Untracked 
|  63|0x0000000087500000, 0x0000000087500000, 0x0000000087600000|  0%| F|  |TAMS 0x0000000087500000, 0x0000000087500000| Untracked 
|  64|0x0000000087600000, 0x0000000087600000, 0x0000000087700000|  0%| F|  |TAMS 0x0000000087600000, 0x0000000087600000| Untracked 
|  65|0x0000000087700000, 0x0000000087700000, 0x0000000087800000|  0%| F|  |TAMS 0x0000000087700000, 0x0000000087700000| Untracked 
|  66|0x0000000087800000, 0x0000000087800000, 0x0000000087900000|  0%| F|  |TAMS 0x0000000087800000, 0x0000000087800000| Untracked 
|  67|0x0000000087900000, 0x0000000087900000, 0x0000000087a00000|  0%| F|  |TAMS 0x0000000087900000, 0x0000000087900000| Untracked 
|  68|0x0000000087a00000, 0x0000000087a00000, 0x0000000087b00000|  0%| F|  |TAMS 0x0000000087a00000, 0x0000000087a00000| Untracked 
|  69|0x0000000087b00000, 0x0000000087b00000, 0x0000000087c00000|  0%| F|  |TAMS 0x0000000087b00000, 0x0000000087b00000| Untracked 
|  70|0x0000000087c00000, 0x0000000087c00000, 0x0000000087d00000|  0%| F|  |TAMS 0x0000000087c00000, 0x0000000087c00000| Untracked 
|  71|0x0000000087d00000, 0x0000000087d00000, 0x0000000087e00000|  0%| F|  |TAMS 0x0000000087d00000, 0x0000000087d00000| Untracked 
|  72|0x0000000087e00000, 0x0000000087e00000, 0x0000000087f00000|  0%| F|  |TAMS 0x0000000087e00000, 0x0000000087e00000| Untracked 
|  73|0x0000000087f00000, 0x0000000087f00000, 0x0000000088000000|  0%| F|  |TAMS 0x0000000087f00000, 0x0000000087f00000| Untracked 
|  74|0x0000000088000000, 0x0000000088000000, 0x0000000088100000|  0%| F|  |TAMS 0x0000000088000000, 0x0000000088000000| Untracked 
|  75|0x0000000088100000, 0x0000000088100000, 0x0000000088200000|  0%| F|  |TAMS 0x0000000088100000, 0x0000000088100000| Untracked 
|  76|0x0000000088200000, 0x0000000088200000, 0x0000000088300000|  0%| F|  |TAMS 0x0000000088200000, 0x0000000088200000| Untracked 
|  77|0x0000000088300000, 0x0000000088300000, 0x0000000088400000|  0%| F|  |TAMS 0x0000000088300000, 0x0000000088300000| Untracked 
|  78|0x0000000088400000, 0x0000000088400000, 0x0000000088500000|  0%| F|  |TAMS 0x0000000088400000, 0x0000000088400000| Untracked 
|  79|0x0000000088500000, 0x0000000088500000, 0x0000000088600000|  0%| F|  |TAMS 0x0000000088500000, 0x0000000088500000| Untracked 
|  80|0x0000000088600000, 0x0000000088600000, 0x0000000088700000|  0%| F|  |TAMS 0x0000000088600000, 0x0000000088600000| Untracked 
|  81|0x0000000088700000, 0x0000000088700000, 0x0000000088800000|  0%| F|  |TAMS 0x0000000088700000, 0x0000000088700000| Untracked 
|  82|0x0000000088800000, 0x0000000088800000, 0x0000000088900000|  0%| F|  |TAMS 0x0000000088800000, 0x0000000088800000| Untracked 
|  83|0x0000000088900000, 0x0000000088900000, 0x0000000088a00000|  0%| F|  |TAMS 0x0000000088900000, 0x0000000088900000| Untracked 
|  84|0x0000000088a00000, 0x0000000088a00000, 0x0000000088b00000|  0%| F|  |TAMS 0x0000000088a00000, 0x0000000088a00000| Untracked 
|  85|0x0000000088b00000, 0x0000000088b00000, 0x0000000088c00000|  0%| F|  |TAMS 0x0000000088b00000, 0x0000000088b00000| Untracked 
|  86|0x0000000088c00000, 0x0000000088c00000, 0x0000000088d00000|  0%| F|  |TAMS 0x0000000088c00000, 0x0000000088c00000| Untracked 
|  87|0x0000000088d00000, 0x0000000088d00000, 0x0000000088e00000|  0%| F|  |TAMS 0x0000000088d00000, 0x0000000088d00000| Untracked 
|  88|0x0000000088e00000, 0x0000000088e00000, 0x0000000088f00000|  0%| F|  |TAMS 0x0000000088e00000, 0x0000000088e00000| Untracked 
|  89|0x0000000088f00000, 0x0000000088f00000, 0x0000000089000000|  0%| F|  |TAMS 0x0000000088f00000, 0x0000000088f00000| Untracked 
|  90|0x0000000089000000, 0x0000000089000000, 0x0000000089100000|  0%| F|  |TAMS 0x0000000089000000, 0x0000000089000000| Untracked 
|  91|0x0000000089100000, 0x0000000089100000, 0x0000000089200000|  0%| F|  |TAMS 0x0000000089100000, 0x0000000089100000| Untracked 
|  92|0x0000000089200000, 0x0000000089200000, 0x0000000089300000|  0%| F|  |TAMS 0x0000000089200000, 0x0000000089200000| Untracked 
|  93|0x0000000089300000, 0x0000000089300000, 0x0000000089400000|  0%| F|  |TAMS 0x0000000089300000, 0x0000000089300000| Untracked 
|  94|0x0000000089400000, 0x0000000089400000, 0x0000000089500000|  0%| F|  |TAMS 0x0000000089400000, 0x0000000089400000| Untracked 
|  95|0x0000000089500000, 0x0000000089500000, 0x0000000089600000|  0%| F|  |TAMS 0x0000000089500000, 0x0000000089500000| Untracked 
| 125|0x000000008b300000, 0x000000008b300000, 0x000000008b400000|  0%| F|  |TAMS 0x000000008b300000, 0x000000008b300000| Untracked 
|1986|0x00000000ff800000, 0x00000000ff8edc00, 0x00000000ff900000| 92%| O|  |TAMS 0x00000000ff800000, 0x00000000ff800000| Untracked 
|1987|0x00000000ff900000, 0x00000000ffa00000, 0x00000000ffa00000|100%| O|  |TAMS 0x00000000ff900000, 0x00000000ff900000| Untracked 
|1988|0x00000000ffa00000, 0x00000000ffb00000, 0x00000000ffb00000|100%| O|  |TAMS 0x00000000ffa00000, 0x00000000ffa00000| Untracked 
|1989|0x00000000ffb00000, 0x00000000ffc00000, 0x00000000ffc00000|100%| O|  |TAMS 0x00000000ffb00000, 0x00000000ffb00000| Untracked 
|1990|0x00000000ffc00000, 0x00000000ffd00000, 0x00000000ffd00000|100%| O|  |TAMS 0x00000000ffc00000, 0x00000000ffc00000| Untracked 
|1991|0x00000000ffd00000, 0x00000000ffe00000, 0x00000000ffe00000|100%| O|  |TAMS 0x00000000ffd00000, 0x00000000ffd00000| Untracked 
|1992|0x00000000ffe00000, 0x00000000fff00000, 0x00000000fff00000|100%| O|  |TAMS 0x00000000ffe00000, 0x00000000ffe00000| Untracked 
|1993|0x00000000fff00000, 0x0000000100000000, 0x0000000100000000|100%| O|  |TAMS 0x00000000fff00000, 0x00000000fff00000| Untracked 

Card table byte_map: [0x0000015fe18d0000,0x0000015fe1cc0000] _byte_map_base: 0x0000015fe14b5000

Marking Bits (Prev, Next): (CMBitMap*) 0x0000015fca94f460, (CMBitMap*) 0x0000015fca94f420
 Prev Bits: [0x0000015fe3fe0000, 0x0000015fe5f08000)
 Next Bits: [0x0000015fe20b0000, 0x0000015fe3fd8000)

Polling page: 0x0000015fc8850000

Metaspace:

Usage:
  Non-class:     22.12 MB used.
      Class:      2.89 MB used.
       Both:     25.01 MB used.

Virtual space:
  Non-class space:       64.00 MB reserved,      22.25 MB ( 35%) committed,  1 nodes.
      Class space:        1.00 GB reserved,       3.06 MB ( <1%) committed,  1 nodes.
             Both:        1.06 GB reserved,      25.31 MB (  2%) committed. 

Chunk freelists:
   Non-Class:  9.75 MB
       Class:  12.92 MB
        Both:  22.67 MB

MaxMetaspaceSize: unlimited
CompressedClassSpaceSize: 1.00 GB
Initial GC threshold: 21.00 MB
Current GC threshold: 36.56 MB
CDS: on
MetaspaceReclaimPolicy: balanced
 - commit_granule_bytes: 65536.
 - commit_granule_words: 8192.
 - virtual_space_node_default_size: 8388608.
 - enlarge_chunks_in_place: 1.
 - new_chunks_are_fully_committed: 0.
 - uncommit_free_chunks: 1.
 - use_allocation_guard: 0.
 - handle_deallocations: 1.


Internal statistics:

num_allocs_failed_limit: 9.
num_arena_births: 172.
num_arena_deaths: 0.
num_vsnodes_births: 2.
num_vsnodes_deaths: 0.
num_space_committed: 405.
num_space_uncommitted: 0.
num_chunks_returned_to_freelist: 9.
num_chunks_taken_from_freelist: 1114.
num_chunk_merges: 9.
num_chunk_splits: 770.
num_chunks_enlarged: 588.
num_inconsistent_stats: 0.

CodeHeap 'non-profiled nmethods': size=120000Kb used=2667Kb max_used=2990Kb free=117332Kb
 bounds [0x0000015fd9c80000, 0x0000015fd9f80000, 0x0000015fe11b0000]
CodeHeap 'profiled nmethods': size=120000Kb used=10276Kb max_used=12330Kb free=109723Kb
 bounds [0x0000015fd21b0000, 0x0000015fd2dc0000, 0x0000015fd96e0000]
CodeHeap 'non-nmethods': size=5760Kb used=1211Kb max_used=1258Kb free=4548Kb
 bounds [0x0000015fd96e0000, 0x0000015fd9950000, 0x0000015fd9c80000]
 total_blobs=5396 nmethods=4899 adapters=409
 compilation: enabled
              stopped_count=0, restarted_count=0
 full_count=0

Compilation events (20 events):
Event: 46.079 Thread 0x0000015fe8936a00 nmethod 5711 0x0000015fd28ab690 code [0x0000015fd28ab860, 0x0000015fd28abbc8]
Event: 46.079 Thread 0x0000015fe8936a00 5712       3       java.util.regex.Pattern::matches (16 bytes)
Event: 46.079 Thread 0x0000015fe8936a00 nmethod 5712 0x0000015fd2705910 code [0x0000015fd2705ae0, 0x0000015fd2705dc8]
Event: 46.079 Thread 0x0000015fe8936a00 5713       3       com.sun.tools.javac.file.JavacFileManager::checkNotModuleOrientedLocation (48 bytes)
Event: 46.080 Thread 0x0000015fe8936a00 nmethod 5713 0x0000015fd2414210 code [0x0000015fd2414480, 0x0000015fd2414dc8]
Event: 46.080 Thread 0x0000015fe8936a00 5715       3       javax.tools.JavaFileManager$Location::isModuleOrientedLocation (12 bytes)
Event: 46.080 Thread 0x0000015fe8936a00 nmethod 5715 0x0000015fd2631210 code [0x0000015fd2631400, 0x0000015fd2631898]
Event: 46.080 Thread 0x0000015fe8936a00 5716       3       java.util.regex.Pattern$Bound::match (34 bytes)
Event: 46.080 Thread 0x0000015fe8936a00 nmethod 5716 0x0000015fd2874910 code [0x0000015fd2874ac0, 0x0000015fd2874d98]
Event: 46.080 Thread 0x0000015fe8936a00 5717       3       com.sun.tools.javac.file.BaseFileManager::getKind (15 bytes)
Event: 46.081 Thread 0x0000015fe8936a00 nmethod 5717 0x0000015fd2b00d90 code [0x0000015fd2b00f60, 0x0000015fd2b01208]
Event: 46.081 Thread 0x0000015fe8936a00 5718       3       com.sun.tools.javac.comp.Annotate$AnnotationTypeMetadata::notAnAnnotationType (4 bytes)
Event: 46.081 Thread 0x0000015fe8936a00 nmethod 5718 0x0000015fd23bbe90 code [0x0000015fd23bc020, 0x0000015fd23bc118]
Event: 46.081 Thread 0x0000015fe8936a00 5720       3       com.sun.tools.javac.code.Symbol$TypeSymbol::formFlatName (92 bytes)
Event: 46.082 Thread 0x0000015fe8936a00 nmethod 5720 0x0000015fd21d0790 code [0x0000015fd21d09a0, 0x0000015fd21d11c8]
Event: 46.082 Thread 0x0000015fe8936a00 5721       3       com.sun.tools.javac.code.Symbol::flatName (5 bytes)
Event: 46.082 Thread 0x0000015fe8936a00 nmethod 5721 0x0000015fd28a0b90 code [0x0000015fd28a0d40, 0x0000015fd28a0f08]
Event: 46.083 Thread 0x0000015fe8936a00 5722       3       com.sun.tools.javac.main.DelegatingJavaFileManager::delegate (23 bytes)
Event: 46.083 Thread 0x0000015fe8936a00 nmethod 5722 0x0000015fd2d19190 code [0x0000015fd2d19340, 0x0000015fd2d19588]
Event: 46.083 Thread 0x0000015fe8936a00 5724       3       com.sun.tools.javac.file.Locations::getLocation (19 bytes)

GC Heap History (15 events):
Event: 2.520 GC heap before
{Heap before GC invocations=0 (full 0):
 garbage-first heap   total 129024K, used 23552K [0x0000000083600000, 0x0000000100000000)
  region size 1024K, 23 young (23552K), 0 survivors (0K)
 Metaspace       used 5378K, committed 5568K, reserved 1114112K
  class space    used 644K, committed 768K, reserved 1048576K
}
Event: 4.396 GC heap after
{Heap after GC invocations=1 (full 0):
 garbage-first heap   total 129024K, used 3671K [0x0000000083600000, 0x0000000100000000)
  region size 1024K, 3 young (3072K), 3 survivors (3072K)
 Metaspace       used 5378K, committed 5568K, reserved 1114112K
  class space    used 644K, committed 768K, reserved 1048576K
}
Event: 6.413 GC heap before
{Heap before GC invocations=1 (full 0):
 garbage-first heap   total 129024K, used 27223K [0x0000000083600000, 0x0000000100000000)
  region size 1024K, 26 young (26624K), 3 survivors (3072K)
 Metaspace       used 7548K, committed 7744K, reserved 1114112K
  class space    used 902K, committed 1024K, reserved 1048576K
}
Event: 6.509 GC heap after
{Heap after GC invocations=2 (full 0):
 garbage-first heap   total 129024K, used 4671K [0x0000000083600000, 0x0000000100000000)
  region size 1024K, 1 young (1024K), 1 survivors (1024K)
 Metaspace       used 7548K, committed 7744K, reserved 1114112K
  class space    used 902K, committed 1024K, reserved 1048576K
}
Event: 15.216 GC heap before
{Heap before GC invocations=2 (full 0):
 garbage-first heap   total 129024K, used 34367K [0x0000000083600000, 0x0000000100000000)
  region size 1024K, 30 young (30720K), 1 survivors (1024K)
 Metaspace       used 13202K, committed 13440K, reserved 1114112K
  class space    used 1630K, committed 1728K, reserved 1048576K
}
Event: 15.231 GC heap after
{Heap after GC invocations=3 (full 0):
 garbage-first heap   total 129024K, used 7323K [0x0000000083600000, 0x0000000100000000)
  region size 1024K, 4 young (4096K), 4 survivors (4096K)
 Metaspace       used 13202K, committed 13440K, reserved 1114112K
  class space    used 1630K, committed 1728K, reserved 1048576K
}
Event: 34.931 GC heap before
{Heap before GC invocations=3 (full 0):
 garbage-first heap   total 129024K, used 80027K [0x0000000083600000, 0x0000000100000000)
  region size 1024K, 75 young (76800K), 4 survivors (4096K)
 Metaspace       used 15762K, committed 15936K, reserved 1114112K
  class space    used 1851K, committed 1920K, reserved 1048576K
}
Event: 34.968 GC heap after
{Heap after GC invocations=4 (full 0):
 garbage-first heap   total 129024K, used 14732K [0x0000000083600000, 0x0000000100000000)
  region size 1024K, 10 young (10240K), 10 survivors (10240K)
 Metaspace       used 15762K, committed 15936K, reserved 1114112K
  class space    used 1851K, committed 1920K, reserved 1048576K
}
Event: 38.790 GC heap before
{Heap before GC invocations=4 (full 0):
 garbage-first heap   total 129024K, used 81292K [0x0000000083600000, 0x0000000100000000)
  region size 1024K, 75 young (76800K), 10 survivors (10240K)
 Metaspace       used 16448K, committed 16704K, reserved 1114112K
  class space    used 1874K, committed 1984K, reserved 1048576K
}
Event: 38.813 GC heap after
{Heap after GC invocations=5 (full 0):
 garbage-first heap   total 129024K, used 18992K [0x0000000083600000, 0x0000000100000000)
  region size 1024K, 5 young (5120K), 5 survivors (5120K)
 Metaspace       used 16448K, committed 16704K, reserved 1114112K
  class space    used 1874K, committed 1984K, reserved 1048576K
}
Event: 39.256 GC heap before
{Heap before GC invocations=5 (full 0):
 garbage-first heap   total 129024K, used 67120K [0x0000000083600000, 0x0000000100000000)
  region size 1024K, 13 young (13312K), 5 survivors (5120K)
 Metaspace       used 17340K, committed 17664K, reserved 1114112K
  class space    used 1988K, committed 2176K, reserved 1048576K
}
Event: 39.262 GC heap after
{Heap after GC invocations=6 (full 0):
 garbage-first heap   total 129024K, used 26672K [0x0000000083600000, 0x0000000100000000)
  region size 1024K, 4 young (4096K), 4 survivors (4096K)
 Metaspace       used 17340K, committed 17664K, reserved 1114112K
  class space    used 1988K, committed 2176K, reserved 1048576K
}
Event: 41.300 GC heap before
{Heap before GC invocations=6 (full 0):
 garbage-first heap   total 129024K, used 88112K [0x0000000083600000, 0x0000000100000000)
  region size 1024K, 37 young (37888K), 4 survivors (4096K)
 Metaspace       used 21217K, committed 21504K, reserved 1114112K
  class space    used 2468K, committed 2624K, reserved 1048576K
}
Event: 41.311 GC heap after
{Heap after GC invocations=7 (full 0):
 garbage-first heap   total 129024K, used 26937K [0x0000000083600000, 0x0000000100000000)
  region size 1024K, 9 young (9216K), 9 survivors (9216K)
 Metaspace       used 21217K, committed 21504K, reserved 1114112K
  class space    used 2468K, committed 2624K, reserved 1048576K
}
Event: 46.083 GC heap before
{Heap before GC invocations=8 (full 0):
 garbage-first heap   total 99328K, used 80185K [0x0000000083600000, 0x0000000100000000)
  region size 1024K, 57 young (58368K), 9 survivors (9216K)
 Metaspace       used 25614K, committed 25920K, reserved 1114112K
  class space    used 2963K, committed 3136K, reserved 1048576K
}

Deoptimization events (20 events):
Event: 45.576 Thread 0x0000015fca8eeb60 DEOPT PACKING pc=0x0000015fd2cd8dc7 sp=0x0000004d312fc0c0
Event: 45.576 Thread 0x0000015fca8eeb60 DEOPT UNPACKING pc=0x0000015fd97366e3 sp=0x0000004d312fb650 mode 0
Event: 45.974 Thread 0x0000015fca8eeb60 DEOPT PACKING pc=0x0000015fd24c212c sp=0x0000004d312fc8e0
Event: 45.974 Thread 0x0000015fca8eeb60 DEOPT UNPACKING pc=0x0000015fd97366e3 sp=0x0000004d312fbdd0 mode 0
Event: 45.979 Thread 0x0000015fca8eeb60 Uncommon trap: trap_request=0xffffffde fr.pc=0x0000015fd9cfe5e4 relative=0x0000000000000064
Event: 45.979 Thread 0x0000015fca8eeb60 Uncommon trap: reason=class_check action=maybe_recompile pc=0x0000015fd9cfe5e4 method=java.nio.file.Files$AcceptAllFilter.accept(Ljava/lang/Object;)Z @ 2 c2
Event: 45.979 Thread 0x0000015fca8eeb60 DEOPT PACKING pc=0x0000015fd9cfe5e4 sp=0x0000004d312fc500
Event: 45.979 Thread 0x0000015fca8eeb60 DEOPT UNPACKING pc=0x0000015fd9735ba3 sp=0x0000004d312fc498 mode 2
Event: 45.979 Thread 0x0000015fca8eeb60 Uncommon trap: trap_request=0xffffffde fr.pc=0x0000015fd9cfe5e4 relative=0x0000000000000064
Event: 45.979 Thread 0x0000015fca8eeb60 Uncommon trap: reason=class_check action=maybe_recompile pc=0x0000015fd9cfe5e4 method=java.nio.file.Files$AcceptAllFilter.accept(Ljava/lang/Object;)Z @ 2 c2
Event: 45.979 Thread 0x0000015fca8eeb60 DEOPT PACKING pc=0x0000015fd9cfe5e4 sp=0x0000004d312fc500
Event: 45.979 Thread 0x0000015fca8eeb60 DEOPT UNPACKING pc=0x0000015fd9735ba3 sp=0x0000004d312fc498 mode 2
Event: 45.984 Thread 0x0000015fca8eeb60 Uncommon trap: trap_request=0xffffffde fr.pc=0x0000015fd9cfe5e4 relative=0x0000000000000064
Event: 45.984 Thread 0x0000015fca8eeb60 Uncommon trap: reason=class_check action=maybe_recompile pc=0x0000015fd9cfe5e4 method=java.nio.file.Files$AcceptAllFilter.accept(Ljava/lang/Object;)Z @ 2 c2
Event: 45.984 Thread 0x0000015fca8eeb60 DEOPT PACKING pc=0x0000015fd9cfe5e4 sp=0x0000004d312fc4f0
Event: 45.984 Thread 0x0000015fca8eeb60 DEOPT UNPACKING pc=0x0000015fd9735ba3 sp=0x0000004d312fc488 mode 2
Event: 45.984 Thread 0x0000015fca8eeb60 Uncommon trap: trap_request=0xffffffde fr.pc=0x0000015fd9cfe5e4 relative=0x0000000000000064
Event: 45.984 Thread 0x0000015fca8eeb60 Uncommon trap: reason=class_check action=maybe_recompile pc=0x0000015fd9cfe5e4 method=java.nio.file.Files$AcceptAllFilter.accept(Ljava/lang/Object;)Z @ 2 c2
Event: 45.984 Thread 0x0000015fca8eeb60 DEOPT PACKING pc=0x0000015fd9cfe5e4 sp=0x0000004d312fc4f0
Event: 45.984 Thread 0x0000015fca8eeb60 DEOPT UNPACKING pc=0x0000015fd9735ba3 sp=0x0000004d312fc488 mode 2

Classes unloaded (0 events):
No events

Classes redefined (0 events):
No events

Internal exceptions (20 events):
Event: 40.816 Thread 0x0000015fca8eeb60 Exception <a 'java/lang/NoSuchMethodError'{0x00000000898c91d0}: 'int java.lang.invoke.DirectMethodHandle$Holder.invokeVirtual(java.lang.Object, java.lang.Object, java.lang.Object)'> (0x00000000898c91d0) 
thrown [s\open\src\hotspot\share\interpreter\linkResolver.cpp, line 759]
Event: 40.833 Thread 0x0000015fca8eeb60 Exception <a 'java/lang/NoSuchMethodError'{0x00000000898d7860}: 'int java.lang.invoke.DirectMethodHandle$Holder.invokeStaticInit(java.lang.Object, java.lang.Object, java.lang.Object)'> (0x00000000898d7860) 
thrown [s\open\src\hotspot\share\interpreter\linkResolver.cpp, line 759]
Event: 41.130 Thread 0x0000015fca8eeb60 Implicit null exception at 0x0000015fd9f3870c to 0x0000015fd9f3883e
Event: 41.228 Thread 0x0000015fca8eeb60 Exception <a 'sun/nio/fs/WindowsException'{0x0000000089084e58}> (0x0000000089084e58) 
thrown [s\open\src\hotspot\share\prims\jni.cpp, line 516]
Event: 41.228 Thread 0x0000015fca8eeb60 Exception <a 'sun/nio/fs/WindowsException'{0x00000000890851a8}> (0x00000000890851a8) 
thrown [s\open\src\hotspot\share\prims\jni.cpp, line 516]
Event: 41.747 Thread 0x0000015fca8eeb60 Exception <a 'java/lang/NoSuchMethodError'{0x0000000089517f48}: 'java.lang.Object java.lang.invoke.DirectMethodHandle$Holder.newInvokeSpecial(java.lang.Object, java.lang.Object, java.lang.Object, java.lang.Object, java.lang.Object, java.lang.Object)'> (0x0000000089517f48) 
thrown [s\open\src\hotspot\share\interpreter\linkResolver.cpp, line 759]
Event: 41.825 Thread 0x0000015fca8eeb60 Exception <a 'sun/nio/fs/WindowsException'{0x0000000089563680}> (0x0000000089563680) 
thrown [s\open\src\hotspot\share\prims\jni.cpp, line 516]
Event: 41.825 Thread 0x0000015fca8eeb60 Exception <a 'sun/nio/fs/WindowsException'{0x00000000895638b0}> (0x00000000895638b0) 
thrown [s\open\src\hotspot\share\prims\jni.cpp, line 516]
Event: 42.314 Thread 0x0000015fca8eeb60 Exception <a 'sun/nio/fs/WindowsException'{0x000000008853aff0}> (0x000000008853aff0) 
thrown [s\open\src\hotspot\share\prims\jni.cpp, line 516]
Event: 42.314 Thread 0x0000015fca8eeb60 Exception <a 'sun/nio/fs/WindowsException'{0x000000008853b368}> (0x000000008853b368) 
thrown [s\open\src\hotspot\share\prims\jni.cpp, line 516]
Event: 42.315 Thread 0x0000015fca8eeb60 Exception <a 'sun/nio/fs/WindowsException'{0x000000008853c560}> (0x000000008853c560) 
thrown [s\open\src\hotspot\share\prims\jni.cpp, line 516]
Event: 42.315 Thread 0x0000015fca8eeb60 Exception <a 'sun/nio/fs/WindowsException'{0x000000008853c8e0}> (0x000000008853c8e0) 
thrown [s\open\src\hotspot\share\prims\jni.cpp, line 516]
Event: 42.347 Thread 0x0000015fca8eeb60 Exception <a 'java/lang/NoSuchMethodError'{0x00000000885cf5c8}: 'java.lang.Object java.lang.invoke.DirectMethodHandle$Holder.invokeVirtual(java.lang.Object, java.lang.Object, java.lang.Object, int, int)'> (0x00000000885cf5c8) 
thrown [s\open\src\hotspot\share\interpreter\linkResolver.cpp, line 759]
Event: 42.349 Thread 0x0000015fca8eeb60 Exception <a 'java/lang/NoSuchMethodError'{0x00000000885d63d8}: 'java.lang.Object java.lang.invoke.DirectMethodHandle$Holder.invokeVirtual(java.lang.Object, java.lang.Object, int)'> (0x00000000885d63d8) 
thrown [s\open\src\hotspot\share\interpreter\linkResolver.cpp, line 759]
Event: 42.359 Thread 0x0000015fca8eeb60 Exception <a 'java/lang/NoSuchMethodError'{0x00000000885edb88}: 'java.lang.Object java.lang.invoke.DirectMethodHandle$Holder.invokeSpecial(java.lang.Object, java.lang.Object, java.lang.Object, int, int)'> (0x00000000885edb88) 
thrown [s\open\src\hotspot\share\interpreter\linkResolver.cpp, line 759]
Event: 45.966 Thread 0x0000015fca8eeb60 Exception <a 'sun/nio/fs/WindowsException'{0x0000000085c50ec8}> (0x0000000085c50ec8) 
thrown [s\open\src\hotspot\share\prims\jni.cpp, line 516]
Event: 45.980 Thread 0x0000015fca8eeb60 Exception <a 'sun/nio/fs/WindowsException'{0x0000000085c55aa8}> (0x0000000085c55aa8) 
thrown [s\open\src\hotspot\share\prims\jni.cpp, line 516]
Event: 45.981 Thread 0x0000015fca8eeb60 Exception <a 'sun/nio/fs/WindowsException'{0x0000000085c55df8}> (0x0000000085c55df8) 
thrown [s\open\src\hotspot\share\prims\jni.cpp, line 516]
Event: 45.982 Thread 0x0000015fca8eeb60 Exception <a 'sun/nio/fs/WindowsException'{0x0000000085c5d1b8}> (0x0000000085c5d1b8) 
thrown [s\open\src\hotspot\share\prims\jni.cpp, line 516]
Event: 45.988 Thread 0x0000015fca8eeb60 Exception <a 'java/lang/NoSuchMethodError'{0x0000000085c6b8e0}: 'int java.lang.invoke.DirectMethodHandle$Holder.invokeSpecial(java.lang.Object, java.lang.Object, java.lang.Object, java.lang.Object, java.lang.Object)'> (0x0000000085c6b8e0) 
thrown [s\open\src\hotspot\share\interpreter\linkResolver.cpp, line 759]

VM Operations (20 events):
Event: 41.482 Executing VM operation: G1Concurrent done
Event: 41.490 Executing VM operation: G1Concurrent
Event: 41.506 Executing VM operation: G1Concurrent done
Event: 42.419 Executing VM operation: HandshakeAllThreads
Event: 42.419 Executing VM operation: HandshakeAllThreads done
Event: 42.442 Executing VM operation: HandshakeAllThreads
Event: 42.442 Executing VM operation: HandshakeAllThreads done
Event: 42.457 Executing VM operation: HandshakeAllThreads
Event: 42.457 Executing VM operation: HandshakeAllThreads done
Event: 43.471 Executing VM operation: Cleanup
Event: 43.471 Executing VM operation: Cleanup done
Event: 44.479 Executing VM operation: Cleanup
Event: 44.495 Executing VM operation: Cleanup done
Event: 45.973 Executing VM operation: HandshakeAllThreads
Event: 45.974 Executing VM operation: HandshakeAllThreads done
Event: 45.974 Executing VM operation: Cleanup
Event: 45.974 Executing VM operation: Cleanup done
Event: 45.978 Executing VM operation: HandshakeAllThreads
Event: 45.978 Executing VM operation: HandshakeAllThreads done
Event: 46.083 Executing VM operation: G1CollectForAllocation

Events (20 events):
Event: 45.970 loading class java/util/stream/AbstractSpinedBuffer
Event: 45.971 loading class java/util/stream/AbstractSpinedBuffer done
Event: 45.971 loading class java/util/stream/SpinedBuffer done
Event: 45.971 loading class java/util/stream/Nodes$SpinedNodeBuilder done
Event: 45.975 loading class sun/nio/fs/WindowsPath$WindowsPathWithAttributes
Event: 45.976 loading class sun/nio/fs/BasicFileAttributesHolder
Event: 45.977 loading class sun/nio/fs/BasicFileAttributesHolder done
Event: 45.977 loading class sun/nio/fs/WindowsPath$WindowsPathWithAttributes done
Event: 46.053 loading class jdk/internal/jrtfs/JrtDirectoryStream
Event: 46.054 loading class jdk/internal/jrtfs/JrtDirectoryStream done
Event: 46.057 loading class java/util/stream/StreamSpliterators$WrappingSpliterator
Event: 46.058 loading class java/util/stream/StreamSpliterators$AbstractWrappingSpliterator
Event: 46.059 loading class java/util/stream/StreamSpliterators$AbstractWrappingSpliterator done
Event: 46.059 loading class java/util/stream/StreamSpliterators$WrappingSpliterator done
Event: 46.059 loading class jdk/internal/jrtfs/JrtDirectoryStream$1
Event: 46.059 loading class jdk/internal/jrtfs/JrtDirectoryStream$1 done
Event: 46.059 loading class java/util/stream/StreamSpliterators
Event: 46.060 loading class java/util/stream/StreamSpliterators done
Event: 46.060 loading class java/util/function/BooleanSupplier
Event: 46.060 loading class java/util/function/BooleanSupplier done


Dynamic libraries:
0x00007ff7978b0000 - 0x00007ff7978c0000 	C:\Program Files\Java\jdk-17\bin\java.exe
0x00007ffb1a640000 - 0x00007ffb1a8a7000 	C:\WINDOWS\SYSTEM32\ntdll.dll
0x00007ffb19e60000 - 0x00007ffb19f29000 	C:\WINDOWS\System32\KERNEL32.DLL
0x00007ffb17480000 - 0x00007ffb17871000 	C:\WINDOWS\System32\KERNELBASE.dll
0x00007ffb17130000 - 0x00007ffb1727b000 	C:\WINDOWS\System32\ucrtbase.dll
0x00007ffaeadf0000 - 0x00007ffaeae09000 	C:\Program Files\Java\jdk-17\bin\jli.dll
0x00007ffb190f0000 - 0x00007ffb191ab000 	C:\WINDOWS\System32\ADVAPI32.dll
0x00007ffb18eb0000 - 0x00007ffb18f59000 	C:\WINDOWS\System32\msvcrt.dll
0x00007ffb1a550000 - 0x00007ffb1a5f7000 	C:\WINDOWS\System32\sechost.dll
0x00007ffb19ad0000 - 0x00007ffb19be8000 	C:\WINDOWS\System32\RPCRT4.dll
0x00007ffb1a070000 - 0x00007ffb1a235000 	C:\WINDOWS\System32\USER32.dll
0x00007ffb16f20000 - 0x00007ffb16f47000 	C:\WINDOWS\System32\win32u.dll
0x00007ffb1a040000 - 0x00007ffb1a06b000 	C:\WINDOWS\System32\GDI32.dll
0x00007ffb17000000 - 0x00007ffb1712b000 	C:\WINDOWS\System32\gdi32full.dll
0x00007ffb16f50000 - 0x00007ffb16ff3000 	C:\WINDOWS\System32\msvcp_win.dll
0x00007ffaebdf0000 - 0x00007ffaebe0b000 	C:\Program Files\Java\jdk-17\bin\VCRUNTIME140.dll
0x00007ffaffc80000 - 0x00007ffafff13000 	C:\WINDOWS\WinSxS\amd64_microsoft.windows.common-controls_6595b64144ccf1df_6.0.26100.8037_none_3e092faae333b53b\COMCTL32.dll
0x00007ffb09540000 - 0x00007ffb0954b000 	C:\WINDOWS\SYSTEM32\VERSION.dll
0x00007ffb19a90000 - 0x00007ffb19ac1000 	C:\WINDOWS\System32\IMM32.DLL
0x00007ffaee490000 - 0x00007ffaee49c000 	C:\Program Files\Java\jdk-17\bin\vcruntime140_1.dll
0x00007ffaea8f0000 - 0x00007ffaea97e000 	C:\Program Files\Java\jdk-17\bin\msvcp140.dll
0x00007ffa776e0000 - 0x00007ffa782c0000 	C:\Program Files\Java\jdk-17\bin\server\jvm.dll
0x00007ffb19310000 - 0x00007ffb19318000 	C:\WINDOWS\System32\PSAPI.DLL
0x00007ffafd180000 - 0x00007ffafd18a000 	C:\WINDOWS\SYSTEM32\WSOCK32.dll
0x00007ffb191b0000 - 0x00007ffb19224000 	C:\WINDOWS\System32\WS2_32.dll
0x00007ffb0ee40000 - 0x00007ffb0ee75000 	C:\WINDOWS\SYSTEM32\WINMM.dll
0x00007ffb15c70000 - 0x00007ffb15c8b000 	C:\WINDOWS\SYSTEM32\kernel.appcore.dll
0x00007ffaee3c0000 - 0x00007ffaee3ca000 	C:\Program Files\Java\jdk-17\bin\jimage.dll
0x00007ffb14cb0000 - 0x00007ffb14ef2000 	C:\WINDOWS\SYSTEM32\DBGHELP.DLL
0x00007ffb18ac0000 - 0x00007ffb18e42000 	C:\WINDOWS\System32\combase.dll
0x00007ffb19230000 - 0x00007ffb19307000 	C:\WINDOWS\System32\OLEAUT32.dll
0x00007ffafe140000 - 0x00007ffafe17b000 	C:\WINDOWS\SYSTEM32\dbgcore.DLL
0x00007ffb17940000 - 0x00007ffb179e5000 	C:\WINDOWS\System32\bcryptPrimitives.dll
0x00007ffaead70000 - 0x00007ffaead95000 	C:\Program Files\Java\jdk-17\bin\java.dll
0x00007ffae7f10000 - 0x00007ffae7fe7000 	C:\Program Files\Java\jdk-17\bin\jsvml.dll
0x00007ffb19320000 - 0x00007ffb19a7f000 	C:\WINDOWS\System32\SHELL32.dll
0x00007ffb17280000 - 0x00007ffb173ea000 	C:\WINDOWS\System32\wintypes.dll
0x00007ffb17b70000 - 0x00007ffb183d4000 	C:\WINDOWS\System32\windows.storage.dll
0x00007ffb1a240000 - 0x00007ffb1a337000 	C:\WINDOWS\System32\SHCORE.dll
0x00007ffb183e0000 - 0x00007ffb18447000 	C:\WINDOWS\System32\shlwapi.dll
0x00007ffb16e40000 - 0x00007ffb16e69000 	C:\WINDOWS\SYSTEM32\profapi.dll
0x00007ffaead50000 - 0x00007ffaead69000 	C:\Program Files\Java\jdk-17\bin\net.dll
0x00007ffb11df0000 - 0x00007ffb11f17000 	C:\WINDOWS\SYSTEM32\WINHTTP.dll
0x00007ffb161c0000 - 0x00007ffb1622b000 	C:\WINDOWS\system32\mswsock.dll
0x00007ffaead30000 - 0x00007ffaead46000 	C:\Program Files\Java\jdk-17\bin\nio.dll
0x00007ffaea8d0000 - 0x00007ffaea8e8000 	C:\Program Files\Java\jdk-17\bin\zip.dll
0x00007ffb07410000 - 0x00007ffb07434000 	C:\Users\PC\.m2\wrapper\dists\apache-maven-3.9.12\59fe215c0ad6947fea90184bf7add084544567b927287592651fda3782e0e798\lib\jansi-native\Windows\x86_64\jansi.dll
0x00007ffaec810000 - 0x00007ffaec820000 	C:\Program Files\Java\jdk-17\bin\verify.dll

dbghelp: loaded successfully - version: 4.0.5 - missing functions: none
symbol engine: initialized successfully - sym options: 0x614 - pdb path: .;C:\Program Files\Java\jdk-17\bin;C:\WINDOWS\SYSTEM32;C:\WINDOWS\WinSxS\amd64_microsoft.windows.common-controls_6595b64144ccf1df_6.0.26100.8037_none_3e092faae333b53b;C:\Program Files\Java\jdk-17\bin\server;C:\Users\PC\.m2\wrapper\dists\apache-maven-3.9.12\59fe215c0ad6947fea90184bf7add084544567b927287592651fda3782e0e798\lib\jansi-native\Windows\x86_64

VM Arguments:
jvm_args: --enable-native-access=ALL-UNNAMED -Dclassworlds.conf=C:\Users\PC\.m2\wrapper\dists\apache-maven-3.9.12\59fe215c0ad6947fea90184bf7add084544567b927287592651fda3782e0e798\bin\m2.conf -Dmaven.home=C:\Users\PC\.m2\wrapper\dists\apache-maven-3.9.12\59fe215c0ad6947fea90184bf7add084544567b927287592651fda3782e0e798 -Dlibrary.jansi.path=C:\Users\PC\.m2\wrapper\dists\apache-maven-3.9.12\59fe215c0ad6947fea90184bf7add084544567b927287592651fda3782e0e798\lib\jansi-native -Dmaven.multiModuleProjectDirectory=C:\SmartLinguaa\backend\backend\backEnd\microservices\privetcours 
java_command: org.codehaus.plexus.classworlds.launcher.Launcher spring-boot:run
java_class_path (initial): C:\Users\PC\.m2\wrapper\dists\apache-maven-3.9.12\59fe215c0ad6947fea90184bf7add084544567b927287592651fda3782e0e798\boot\plexus-classworlds-2.9.0.jar
Launcher Type: SUN_STANDARD

[Global flags]
     intx CICompilerCount                          = 4                                         {product} {ergonomic}
     uint ConcGCThreads                            = 2                                         {product} {ergonomic}
     uint G1ConcRefinementThreads                  = 8                                         {product} {ergonomic}
   size_t G1HeapRegionSize                         = 1048576                                   {product} {ergonomic}
    uintx GCDrainStackTargetSize                   = 64                                        {product} {ergonomic}
   size_t InitialHeapSize                          = 132120576                                 {product} {ergonomic}
   size_t MarkStackSize                            = 4194304                                   {product} {ergonomic}
   size_t MaxHeapSize                              = 2090860544                                {product} {ergonomic}
   size_t MaxNewSize                               = 1254096896                                {product} {ergonomic}
   size_t MinHeapDeltaBytes                        = 1048576                                   {product} {ergonomic}
   size_t MinHeapSize                              = 8388608                                   {product} {ergonomic}
    uintx NonNMethodCodeHeapSize                   = 5839372                                {pd product} {ergonomic}
    uintx NonProfiledCodeHeapSize                  = 122909434                              {pd product} {ergonomic}
    uintx ProfiledCodeHeapSize                     = 122909434                              {pd product} {ergonomic}
    uintx ReservedCodeCacheSize                    = 251658240                              {pd product} {ergonomic}
     bool SegmentedCodeCache                       = true                                      {product} {ergonomic}
   size_t SoftMaxHeapSize                          = 2090860544                             {manageable} {ergonomic}
     bool UseCompressedClassPointers               = true                           {product lp64_product} {ergonomic}
     bool UseCompressedOops                        = true                           {product lp64_product} {ergonomic}
     bool UseG1GC                                  = true                                      {product} {ergonomic}
     bool UseLargePagesIndividualAllocation        = false                                  {pd product} {ergonomic}

Logging:
Log output configuration:
 #0: stdout all=warning uptime,level,tags
 #1: stderr all=off uptime,level,tags

Environment Variables:
PATH=C:\app\PC\product\21c\dbhomeXE\bin;C:\Program Files (x86)\VMware\VMware Workstation\bin\;C:\Program Files\Common Files\Oracle\Java\javapath;C:\Program Files (x86)\Common Files\Oracle\Java\java8path;C:\Program Files (x86)\Common Files\Oracle\Java\javapath;C:\WINDOWS\system32;C:\WINDOWS;C:\WINDOWS\System32\Wbem;C:\WINDOWS\System32\WindowsPowerShell\v1.0\;C:\WINDOWS\System32\OpenSSH\;C:\Program Files\Microsoft SQL Server\150\Tools\Binn\;C:\Program Files\Microsoft SQL Server\Client SDK\ODBC\170\Tools\Binn\;C:\Program Files\dotnet\;C:\Program Files\nodejs\;C:\Program Files\Git\cmd;C:\Program Files\Java\jre1.8.0_471\bin;;C:\Program Files\Docker\Docker\resources\bin;c:\Users\PC\AppData\Local\Programs\cursor\resources\app\codeBin;C:\Users\PC\AppData\Local\Microsoft\WindowsApps;C:\Users\PC\.dotnet\tools;C:\Program Files\JetBrains\IntelliJ IDEA 2025.2.2\bin;C:\Program Files\MongoDB\Server\4.0\bin;C:\Users\PC\AppData\Roaming\npm;C:\Users\PC\AppData\Local\Programs\Microsoft VS Code\bin;C:\Users\PC\AppData\Local\Python\bin;C:\Users\PC\AppData\Local\Programs\cursor\resources\app\bin
USERNAME=PC
OS=Windows_NT
PROCESSOR_IDENTIFIER=Intel64 Family 6 Model 140 Stepping 1, GenuineIntel



---------------  S Y S T E M  ---------------

OS:
 Windows 11 , 64 bit Build 26100 (10.0.26100.7920)
OS uptime: 1 days 3:34 hours
Hyper-V role detected

CPU: total 8 (initial active 8) (4 cores per cpu, 2 threads per core) family 6 model 140 stepping 1 microcode 0xa4, cx8, cmov, fxsr, ht, mmx, 3dnowpref, sse, sse2, sse3, ssse3, sse4.1, sse4.2, popcnt, lzcnt, tsc, tscinvbit, avx, avx2, aes, erms, clmul, bmi1, bmi2, adx, avx512f, avx512dq, avx512cd, avx512bw, avx512vl, sha, fma, vzeroupper, avx512_vpopcntdq, avx512_vpclmulqdq, avx512_vaes, avx512_vnni, clflush, clflushopt, clwb, avx512_vbmi2, avx512_vbmi, hv

Memory: 4k page, system-wide physical 7975M (6M free)
TotalPageFile size 32551M (AvailPageFile size 30M)
current process WorkingSet (physical memory assigned to process): 12M, peak: 207M
current process commit charge ("private bytes"): 251M, peak: 295M

vm_info: Java HotSpot(TM) 64-Bit Server VM (17.0.12+8-LTS-286) for windows-amd64 JRE (17.0.12+8-LTS-286), built on Jun  5 2024 06:46:59 by "mach5one" with MS VC++ 17.6 (VS2022)

END.
